[debug] [2024-03-02T13:59:50.763Z] ----------------------------------------------------------------------
[debug] [2024-03-02T13:59:50.768Z] Command:       C:\Program Files\nodejs\node.exe C:\Users\Lea\AppData\Roaming\npm\node_modules\firebase-tools\lib\bin\firebase.js init
[debug] [2024-03-02T13:59:50.768Z] CLI Version:   13.4.0
[debug] [2024-03-02T13:59:50.769Z] Platform:      win32
[debug] [2024-03-02T13:59:50.769Z] Node Version:  v20.10.0
[debug] [2024-03-02T13:59:50.769Z] Time:          Sat Mar 02 2024 10:59:50 GMT-0300 (Horário Padrão de Brasília)
[debug] [2024-03-02T13:59:50.769Z] ----------------------------------------------------------------------
[debug] 
[debug] [2024-03-02T13:59:51.035Z] > command requires scopes: ["email","openid","https://www.googleapis.com/auth/cloudplatformprojects.readonly","https://www.googleapis.com/auth/firebase","https://www.googleapis.com/auth/cloud-platform"]
[debug] [2024-03-02T13:59:51.036Z] > authorizing via signed-in user (leanesoares212@gmail.com)
[info] 
     ######## #### ########  ######## ########     ###     ######  ########
     ##        ##  ##     ## ##       ##     ##  ##   ##  ##       ##
     ######    ##  ########  ######   ########  #########  ######  ######
     ##        ##  ##    ##  ##       ##     ## ##     ##       ## ##
     ##       #### ##     ## ######## ########  ##     ##  ######  ########

You're about to initialize a Firebase project in this directory:

  C:\Users\Lea\Desktop\modulo II\Primeira instrução pratica-front\front_residencia\Instruções_Práticas\P012\P011\formulario

[info] 
=== Project Setup
[info] 
[info] First, let's associate this project directory with a Firebase project.
[info] You can create multiple project aliases by running firebase use --add, 
[info] but for now we'll just set up a default project.
[info] 
[debug] [2024-03-02T14:00:54.615Z] >>> [apiv2][query] GET https://firebase.googleapis.com/v1beta1/projects pageSize=100
[debug] [2024-03-02T14:00:56.098Z] <<< [apiv2][status] GET https://firebase.googleapis.com/v1beta1/projects 200
[debug] [2024-03-02T14:00:56.099Z] <<< [apiv2][body] GET https://firebase.googleapis.com/v1beta1/projects [omitted]
[info] i  Using project residencia-35ad6 (residencia) 
[info] 
=== Hosting Setup
[debug] [2024-03-02T14:01:01.238Z] >>> [apiv2][query] GET https://firebase.googleapis.com/v1beta1/projects/residencia-35ad6 [none]
[debug] [2024-03-02T14:01:01.715Z] <<< [apiv2][status] GET https://firebase.googleapis.com/v1beta1/projects/residencia-35ad6 200
[debug] [2024-03-02T14:01:01.715Z] <<< [apiv2][body] GET https://firebase.googleapis.com/v1beta1/projects/residencia-35ad6 {"projectId":"residencia-35ad6","projectNumber":"274305289256","displayName":"residencia","name":"projects/residencia-35ad6","resources":{"hostingSite":"residencia-35ad6","realtimeDatabaseInstance":"residencia-35ad6-default-rtdb"},"state":"ACTIVE","etag":"1_8b662e79-e23b-4b57-8661-1aeeb287e684"}
[info] 
[info] Your public directory is the folder (relative to your project directory) that
[info] will contain Hosting assets to be uploaded with firebase deploy. If you
[info] have a build process for your assets, use your build's output directory.
[info] 
